** [Honeybadger] Initializing Honeybadger Error Tracker for Ruby. Ship it! version=4.1.0 framework=rails level=1 pid=42857
** [Honeybadger] Development mode is enabled. Data will not be reported until you deploy your app. level=2 pid=42857
** [Honeybadger] Unable to send error report: API key is missing. id=7838f0ce-e293-4f84-acc6-bd4023cd38ad level=3 pid=42857
** [Honeybadger] Initializing Honeybadger Error Tracker for Ruby. Ship it! version=4.1.0 framework=rails level=1 pid=42920
** [Honeybadger] Development mode is enabled. Data will not be reported until you deploy your app. level=2 pid=42920
** [Honeybadger] Unable to send error report: API key is missing. id=7b0a874f-0059-4abc-814e-ffe7e5a1f598 level=3 pid=42920
** [Honeybadger] Initializing Honeybadger Error Tracker for Ruby. Ship it! version=4.1.0 framework=rails level=1 pid=43040
** [Honeybadger] Development mode is enabled. Data will not be reported until you deploy your app. level=2 pid=43040
** [Honeybadger] Unable to send error report: API key is missing. id=269776d0-b74d-498e-ae56-f7e1b2ec394d level=3 pid=43040
** [Honeybadger] Initializing Honeybadger Error Tracker for Ruby. Ship it! version=4.1.0 framework=rails level=1 pid=43132
** [Honeybadger] Development mode is enabled. Data will not be reported until you deploy your app. level=2 pid=43132
  [1m[35m (309.5ms)[0m  [1m[35mCREATE DATABASE "sba-eli_development" ENCODING = 'utf8'[0m
  ↳ bin/rails:4
  [1m[35m (301.8ms)[0m  [1m[35mCREATE DATABASE "sba-eli_test" ENCODING = 'utf8'[0m
  ↳ bin/rails:4
** [Honeybadger] Initializing Honeybadger Error Tracker for Ruby. Ship it! version=4.1.0 framework=rails level=1 pid=43200
** [Honeybadger] Development mode is enabled. Data will not be reported until you deploy your app. level=2 pid=43200
  [1m[35m (4.5ms)[0m  [1m[35mCREATE TABLE "schema_migrations" ("version" character varying NOT NULL PRIMARY KEY)[0m
  ↳ bin/rails:4
  [1m[35m (2.6ms)[0m  [1m[35mCREATE TABLE "ar_internal_metadata" ("key" character varying NOT NULL PRIMARY KEY, "value" character varying, "created_at" timestamp NOT NULL, "updated_at" timestamp NOT NULL)[0m
  ↳ bin/rails:4
  [1m[35m (0.2ms)[0m  [1m[34mSELECT pg_try_advisory_lock(6164717125843729215)[0m
  ↳ bin/rails:4
  [1m[35m (0.4ms)[0m  [1m[34mSELECT "schema_migrations"."version" FROM "schema_migrations" ORDER BY "schema_migrations"."version" ASC[0m
  ↳ bin/rails:4
Migrating to CreateDelayedJobs (20181029165157)
  [1m[35m (0.1ms)[0m  [1m[35mBEGIN[0m
  ↳ bin/rails:4
  [1m[35m (0.1ms)[0m  [1m[35mDROP TABLE IF EXISTS "delayed_jobs"[0m
  ↳ db/migrate/20181029165157_create_delayed_jobs.rb:3
  [1m[35m (4.2ms)[0m  [1m[35mCREATE TABLE "delayed_jobs" ("id" bigserial primary key, "priority" integer DEFAULT 0 NOT NULL, "attempts" integer DEFAULT 0 NOT NULL, "handler" text NOT NULL, "last_error" text, "run_at" timestamp, "locked_at" timestamp, "failed_at" timestamp, "locked_by" character varying, "queue" character varying, "created_at" timestamp, "updated_at" timestamp)[0m
  ↳ db/migrate/20181029165157_create_delayed_jobs.rb:3
  [1m[35m (1.1ms)[0m  [1m[35mCREATE  INDEX  "delayed_jobs_priority" ON "delayed_jobs"  ("priority", "run_at")[0m
  ↳ db/migrate/20181029165157_create_delayed_jobs.rb:16
  [1m[36mActiveRecord::SchemaMigration Create (0.5ms)[0m  [1m[32mINSERT INTO "schema_migrations" ("version") VALUES ($1) RETURNING "version"[0m  [["version", "20181029165157"]]
  ↳ bin/rails:4
  [1m[35m (0.4ms)[0m  [1m[35mCOMMIT[0m
  ↳ bin/rails:4
  [1m[36mActiveRecord::InternalMetadata Load (0.3ms)[0m  [1m[34mSELECT  "ar_internal_metadata".* FROM "ar_internal_metadata" WHERE "ar_internal_metadata"."key" = $1 LIMIT $2[0m  [["key", "environment"], ["LIMIT", 1]]
  ↳ bin/rails:4
  [1m[35m (0.1ms)[0m  [1m[35mBEGIN[0m
  ↳ bin/rails:4
  [1m[36mActiveRecord::InternalMetadata Create (0.5ms)[0m  [1m[32mINSERT INTO "ar_internal_metadata" ("key", "value", "created_at", "updated_at") VALUES ($1, $2, $3, $4) RETURNING "key"[0m  [["key", "environment"], ["value", "development"], ["created_at", "2018-10-29 18:53:36.744808"], ["updated_at", "2018-10-29 18:53:36.744808"]]
  ↳ bin/rails:4
  [1m[35m (0.3ms)[0m  [1m[35mCOMMIT[0m
  ↳ bin/rails:4
  [1m[35m (0.2ms)[0m  [1m[34mSELECT pg_advisory_unlock(6164717125843729215)[0m
  ↳ bin/rails:4
  [1m[35m (0.2ms)[0m  [1m[34mSELECT "schema_migrations"."version" FROM "schema_migrations" ORDER BY "schema_migrations"."version" ASC[0m
  ↳ bin/rails:4
** [Honeybadger] Initializing Honeybadger Error Tracker for Ruby. Ship it! version=4.1.0 framework=rails level=1 pid=43610
** [Honeybadger] Development mode is enabled. Data will not be reported until you deploy your app. level=2 pid=43610
